<?xml version="1.0" encoding="UTF-8"?>
<!-- Generated by org.testng.reporters.JUnitReportReporter -->
<testsuite skipped="0" hostname="DESKTOP-D9K9090" name="testngDemo.Demo" tests="5" failures="0" timestamp="05 Jul 2022 09:04:30 GMT" time="0.012" errors="0">
  <testcase name="firstMethod" time="0.007" classname="testngDemo.Demo"/>
  <testcase name="firstMethod2" time="0.002" classname="testngDemo.Demo"/>
  <testcase name="firstMethod2" time="0.001" classname="testngDemo.Demo"/>
  <testcase name="firstMethod2" time="0.001" classname="testngDemo.Demo"/>
  <testcase name="firstMethod1" time="0.001" classname="testngDemo.Demo"/>
</testsuite> <!-- testngDemo.Demo -->
