<?xml version="1.0" encoding="UTF-8"?>
<!-- Generated by org.testng.reporters.JUnitReportReporter -->
<testsuite skipped="0" hostname="DESKTOP-D9K9090" name="testngDemo.Demo4" tests="3" failures="0" timestamp="05 Jul 2022 09:04:30 GMT" time="0.003" errors="0">
  <testcase name="SecondMethod2" time="0.001" classname="testngDemo.Demo4"/>
  <testcase name="SecondMethod1" time="0.001" classname="testngDemo.Demo4"/>
  <testcase name="SecondMethod" time="0.001" classname="testngDemo.Demo4"/>
</testsuite> <!-- testngDemo.Demo4 -->
